<?xml version="1.0" encoding="UTF-8"?>
<!-- Generated by org.testng.reporters.JUnitXMLReporter -->
<testsuite hostname="DESKTOP-QU51HI3" name="Test_runner-1" tests="2" failures="2" timestamp="11 Aug 2021 08:38:37 GMT" time="7.688" errors="0">
  <testcase name="craeteorg" time="5.395" classname="DatabaseUtils.Practice1">
    <failure type="org.openqa.selenium.SessionNotCreatedException" message="session not created: This version of ChromeDriver only supports Chrome version 90
Current browser version is 92.0.4515.131 with binary path C:\Program Files (x86)\Google\Chrome\Application\chrome.exe
Build info: version: &amp;apos;3.141.59&amp;apos;, revision: &amp;apos;e82be7d358&amp;apos;, time: &amp;apos;2018-11-14T08:17:03&amp;apos;
System info: host: &amp;apos;DESKTOP-QU51HI3&amp;apos;, ip: &amp;apos;10.10.20.192&amp;apos;, os.name: &amp;apos;Windows 10&amp;apos;, os.arch: &amp;apos;amd64&amp;apos;, os.version: &amp;apos;10.0&amp;apos;, java.version: &amp;apos;1.8.0_291&amp;apos;
Driver info: driver.version: ChromeDriver
remote stacktrace: Backtrace:
	Ordinal0 [0x0097C013+2474003]
	Ordinal0 [0x009129C1+2042305]
	Ordinal0 [0x00822F68+1060712]
	Ordinal0 [0x0084188E+1185934]
	Ordinal0 [0x0083D600+1168896]
	Ordinal0 [0x0083AA83+1157763]
	Ordinal0 [0x0086A2A2+1352354]
	Ordinal0 [0x00868FAA+1347498]
	Ordinal0 [0x008666DB+1337051]
	Ordinal0 [0x00843427+1192999]
	Ordinal0 [0x008442EE+1196782]
	Ordinal0 [0x00844279+1196665]
	GetHandleVerifier [0x00B096FC+1590332]
	GetHandleVerifier [0x00BB8614+2306900]
	GetHandleVerifier [0x00A09E93+543699]
	GetHandleVerifier [0x00A092CE+540686]
	Ordinal0 [0x009186BA+2066106]
	Ordinal0 [0x0091D1C8+2085320]
	Ordinal0 [0x0091D308+2085640]
	Ordinal0 [0x009267F3+2123763]
	BaseThreadInitThunk [0x7566FA29+25]
	RtlGetAppContainerNamedObjectPath [0x76EE7A7E+286]
	RtlGetAppContainerNamedObjectPath [0x76EE7A4E+238]
">
      <![CDATA[org.openqa.selenium.SessionNotCreatedException: session not created: This version of ChromeDriver only supports Chrome version 90
Current browser version is 92.0.4515.131 with binary path C:\Program Files (x86)\Google\Chrome\Application\chrome.exe
Build info: version: '3.141.59', revision: 'e82be7d358', time: '2018-11-14T08:17:03'
System info: host: 'DESKTOP-QU51HI3', ip: '10.10.20.192', os.name: 'Windows 10', os.arch: 'amd64', os.version: '10.0', java.version: '1.8.0_291'
Driver info: driver.version: ChromeDriver
remote stacktrace: Backtrace:
	Ordinal0 [0x0097C013+2474003]
	Ordinal0 [0x009129C1+2042305]
	Ordinal0 [0x00822F68+1060712]
	Ordinal0 [0x0084188E+1185934]
	Ordinal0 [0x0083D600+1168896]
	Ordinal0 [0x0083AA83+1157763]
	Ordinal0 [0x0086A2A2+1352354]
	Ordinal0 [0x00868FAA+1347498]
	Ordinal0 [0x008666DB+1337051]
	Ordinal0 [0x00843427+1192999]
	Ordinal0 [0x008442EE+1196782]
	Ordinal0 [0x00844279+1196665]
	GetHandleVerifier [0x00B096FC+1590332]
	GetHandleVerifier [0x00BB8614+2306900]
	GetHandleVerifier [0x00A09E93+543699]
	GetHandleVerifier [0x00A092CE+540686]
	Ordinal0 [0x009186BA+2066106]
	Ordinal0 [0x0091D1C8+2085320]
	Ordinal0 [0x0091D308+2085640]
	Ordinal0 [0x009267F3+2123763]
	BaseThreadInitThunk [0x7566FA29+25]
	RtlGetAppContainerNamedObjectPath [0x76EE7A7E+286]
	RtlGetAppContainerNamedObjectPath [0x76EE7A4E+238]

	at org.openqa.selenium.remote.W3CHandshakeResponse.lambda$errorHandler$0(W3CHandshakeResponse.java:62)
	at org.openqa.selenium.remote.HandshakeResponse.lambda$getResponseFunction$0(HandshakeResponse.java:30)
	at org.openqa.selenium.remote.ProtocolHandshake.lambda$createSession$0(ProtocolHandshake.java:126)
	at java.util.stream.ReferencePipeline$3$1.accept(Unknown Source)
	at java.util.Spliterators$ArraySpliterator.tryAdvance(Unknown Source)
	at java.util.stream.ReferencePipeline.forEachWithCancel(Unknown Source)
	at java.util.stream.AbstractPipeline.copyIntoWithCancel(Unknown Source)
	at java.util.stream.AbstractPipeline.copyInto(Unknown Source)
	at java.util.stream.AbstractPipeline.wrapAndCopyInto(Unknown Source)
	at java.util.stream.FindOps$FindOp.evaluateSequential(Unknown Source)
	at java.util.stream.AbstractPipeline.evaluate(Unknown Source)
	at java.util.stream.ReferencePipeline.findFirst(Unknown Source)
	at org.openqa.selenium.remote.ProtocolHandshake.createSession(ProtocolHandshake.java:128)
	at org.openqa.selenium.remote.ProtocolHandshake.createSession(ProtocolHandshake.java:74)
	at org.openqa.selenium.remote.HttpCommandExecutor.execute(HttpCommandExecutor.java:136)
	at org.openqa.selenium.remote.service.DriverCommandExecutor.execute(DriverCommandExecutor.java:83)
	at org.openqa.selenium.remote.RemoteWebDriver.execute(RemoteWebDriver.java:552)
	at org.openqa.selenium.remote.RemoteWebDriver.startSession(RemoteWebDriver.java:213)
	at org.openqa.selenium.remote.RemoteWebDriver.<init>(RemoteWebDriver.java:131)
	at org.openqa.selenium.chrome.ChromeDriver.<init>(ChromeDriver.java:181)
	at org.openqa.selenium.chrome.ChromeDriver.<init>(ChromeDriver.java:168)
	at org.openqa.selenium.chrome.ChromeDriver.<init>(ChromeDriver.java:123)
	at DatabaseUtils.Practice1.craeteorg(Practice1.java:13)
	at java.util.concurrent.FutureTask.run(Unknown Source)
	at java.util.concurrent.ThreadPoolExecutor.runWorker(Unknown Source)
	at java.util.concurrent.ThreadPoolExecutor$Worker.run(Unknown Source)
	at java.lang.Thread.run(Unknown Source)
... Removed 20 stack frames]]>
    </failure>
  </testcase> <!-- craeteorg -->
  <testcase name="deleteorg" time="2.014" classname="DatabaseUtils.Practice1">
    <failure type="org.openqa.selenium.SessionNotCreatedException" message="session not created: This version of ChromeDriver only supports Chrome version 90
Current browser version is 92.0.4515.131 with binary path C:\Program Files (x86)\Google\Chrome\Application\chrome.exe
Build info: version: &amp;apos;3.141.59&amp;apos;, revision: &amp;apos;e82be7d358&amp;apos;, time: &amp;apos;2018-11-14T08:17:03&amp;apos;
System info: host: &amp;apos;DESKTOP-QU51HI3&amp;apos;, ip: &amp;apos;10.10.20.192&amp;apos;, os.name: &amp;apos;Windows 10&amp;apos;, os.arch: &amp;apos;amd64&amp;apos;, os.version: &amp;apos;10.0&amp;apos;, java.version: &amp;apos;1.8.0_291&amp;apos;
Driver info: driver.version: ChromeDriver
remote stacktrace: Backtrace:
	Ordinal0 [0x0097C013+2474003]
	Ordinal0 [0x009129C1+2042305]
	Ordinal0 [0x00822F68+1060712]
	Ordinal0 [0x0084188E+1185934]
	Ordinal0 [0x0083D600+1168896]
	Ordinal0 [0x0083AA83+1157763]
	Ordinal0 [0x0086A2A2+1352354]
	Ordinal0 [0x00868FAA+1347498]
	Ordinal0 [0x008666DB+1337051]
	Ordinal0 [0x00843427+1192999]
	Ordinal0 [0x008442EE+1196782]
	Ordinal0 [0x00844279+1196665]
	GetHandleVerifier [0x00B096FC+1590332]
	GetHandleVerifier [0x00BB8614+2306900]
	GetHandleVerifier [0x00A09E93+543699]
	GetHandleVerifier [0x00A092CE+540686]
	Ordinal0 [0x009186BA+2066106]
	Ordinal0 [0x0091D1C8+2085320]
	Ordinal0 [0x0091D308+2085640]
	Ordinal0 [0x009267F3+2123763]
	BaseThreadInitThunk [0x7566FA29+25]
	RtlGetAppContainerNamedObjectPath [0x76EE7A7E+286]
	RtlGetAppContainerNamedObjectPath [0x76EE7A4E+238]
">
      <![CDATA[org.openqa.selenium.SessionNotCreatedException: session not created: This version of ChromeDriver only supports Chrome version 90
Current browser version is 92.0.4515.131 with binary path C:\Program Files (x86)\Google\Chrome\Application\chrome.exe
Build info: version: '3.141.59', revision: 'e82be7d358', time: '2018-11-14T08:17:03'
System info: host: 'DESKTOP-QU51HI3', ip: '10.10.20.192', os.name: 'Windows 10', os.arch: 'amd64', os.version: '10.0', java.version: '1.8.0_291'
Driver info: driver.version: ChromeDriver
remote stacktrace: Backtrace:
	Ordinal0 [0x0097C013+2474003]
	Ordinal0 [0x009129C1+2042305]
	Ordinal0 [0x00822F68+1060712]
	Ordinal0 [0x0084188E+1185934]
	Ordinal0 [0x0083D600+1168896]
	Ordinal0 [0x0083AA83+1157763]
	Ordinal0 [0x0086A2A2+1352354]
	Ordinal0 [0x00868FAA+1347498]
	Ordinal0 [0x008666DB+1337051]
	Ordinal0 [0x00843427+1192999]
	Ordinal0 [0x008442EE+1196782]
	Ordinal0 [0x00844279+1196665]
	GetHandleVerifier [0x00B096FC+1590332]
	GetHandleVerifier [0x00BB8614+2306900]
	GetHandleVerifier [0x00A09E93+543699]
	GetHandleVerifier [0x00A092CE+540686]
	Ordinal0 [0x009186BA+2066106]
	Ordinal0 [0x0091D1C8+2085320]
	Ordinal0 [0x0091D308+2085640]
	Ordinal0 [0x009267F3+2123763]
	BaseThreadInitThunk [0x7566FA29+25]
	RtlGetAppContainerNamedObjectPath [0x76EE7A7E+286]
	RtlGetAppContainerNamedObjectPath [0x76EE7A4E+238]

	at org.openqa.selenium.remote.W3CHandshakeResponse.lambda$errorHandler$0(W3CHandshakeResponse.java:62)
	at org.openqa.selenium.remote.HandshakeResponse.lambda$getResponseFunction$0(HandshakeResponse.java:30)
	at org.openqa.selenium.remote.ProtocolHandshake.lambda$createSession$0(ProtocolHandshake.java:126)
	at java.util.stream.ReferencePipeline$3$1.accept(Unknown Source)
	at java.util.Spliterators$ArraySpliterator.tryAdvance(Unknown Source)
	at java.util.stream.ReferencePipeline.forEachWithCancel(Unknown Source)
	at java.util.stream.AbstractPipeline.copyIntoWithCancel(Unknown Source)
	at java.util.stream.AbstractPipeline.copyInto(Unknown Source)
	at java.util.stream.AbstractPipeline.wrapAndCopyInto(Unknown Source)
	at java.util.stream.FindOps$FindOp.evaluateSequential(Unknown Source)
	at java.util.stream.AbstractPipeline.evaluate(Unknown Source)
	at java.util.stream.ReferencePipeline.findFirst(Unknown Source)
	at org.openqa.selenium.remote.ProtocolHandshake.createSession(ProtocolHandshake.java:128)
	at org.openqa.selenium.remote.ProtocolHandshake.createSession(ProtocolHandshake.java:74)
	at org.openqa.selenium.remote.HttpCommandExecutor.execute(HttpCommandExecutor.java:136)
	at org.openqa.selenium.remote.service.DriverCommandExecutor.execute(DriverCommandExecutor.java:83)
	at org.openqa.selenium.remote.RemoteWebDriver.execute(RemoteWebDriver.java:552)
	at org.openqa.selenium.remote.RemoteWebDriver.startSession(RemoteWebDriver.java:213)
	at org.openqa.selenium.remote.RemoteWebDriver.<init>(RemoteWebDriver.java:131)
	at org.openqa.selenium.chrome.ChromeDriver.<init>(ChromeDriver.java:181)
	at org.openqa.selenium.chrome.ChromeDriver.<init>(ChromeDriver.java:168)
	at org.openqa.selenium.chrome.ChromeDriver.<init>(ChromeDriver.java:123)
	at DatabaseUtils.Practice1.deleteorg(Practice1.java:20)
	at java.util.concurrent.FutureTask.run(Unknown Source)
	at java.util.concurrent.ThreadPoolExecutor.runWorker(Unknown Source)
	at java.util.concurrent.ThreadPoolExecutor$Worker.run(Unknown Source)
	at java.lang.Thread.run(Unknown Source)
... Removed 20 stack frames]]>
    </failure>
  </testcase> <!-- deleteorg -->
</testsuite> <!-- Test_runner-1 -->
